app/build/intermediates/manifest_merge_blame_file/debug/manifest-merger-blame-debug-report.txt
1<?xml version="1.0" encoding="utf-8"?>
2<manifest xmlns:android="http://schemas.android.com/apk/res/android"
3    package="com.projemanag"
4    android:versionCode="1"
5    android:versionName="1.0" >
6
7    <uses-sdk
8        android:minSdkVersion="21"
8-->src\main\AndroidManifest.xml
9        android:targetSdkVersion="31" />
9-->src\main\AndroidManifest.xml
10
11    <uses-permission android:name="android.permission.INTERNET" />
11-->src\main\AndroidManifest.xml:5:5-67
11-->src\main\AndroidManifest.xml:5:22-64
12    <uses-permission android:name="android.permission.ACCESS_NETWORK_STATE" />
12-->src\main\AndroidManifest.xml:6:5-79
12-->src\main\AndroidManifest.xml:6:22-76
13    <uses-permission android:name="android.permission.READ_EXTERNAL_STORAGE" />
13-->src\main\AndroidManifest.xml:7:5-80
13-->src\main\AndroidManifest.xml:7:22-77
14    <uses-permission android:name="android.permission.POST_NOTIFICATIONS" />
14-->[com.google.firebase:firebase-messaging:23.1.2] AndroidManifest.xml:25:5-77
14-->[com.google.firebase:firebase-messaging:23.1.2] AndroidManifest.xml:25:22-74
15    <uses-permission android:name="android.permission.WAKE_LOCK" /> <!-- Required by older versions of Google Play services to create IID tokens -->
15-->[com.google.firebase:firebase-messaging:23.1.2] AndroidManifest.xml:26:5-68
15-->[com.google.firebase:firebase-messaging:23.1.2] AndroidManifest.xml:26:22-65
16    <uses-permission android:name="com.google.android.c2dm.permission.RECEIVE" />
16-->[com.google.firebase:firebase-messaging:23.1.2] AndroidManifest.xml:28:5-82
16-->[com.google.firebase:firebase-messaging:23.1.2] AndroidManifest.xml:28:22-79
17    <uses-permission android:name="com.google.android.gms.permission.AD_ID" />
17-->[com.google.android.gms:play-services-measurement-api:21.2.2] AndroidManifest.xml:25:5-79
17-->[com.google.android.gms:play-services-measurement-api:21.2.2] AndroidManifest.xml:25:22-76
18    <uses-permission android:name="com.google.android.finsky.permission.BIND_GET_INSTALL_REFERRER_SERVICE" />
18-->[com.google.android.gms:play-services-measurement:21.2.2] AndroidManifest.xml:26:5-110
18-->[com.google.android.gms:play-services-measurement:21.2.2] AndroidManifest.xml:26:22-107
19
20    <application
20-->src\main\AndroidManifest.xml:9:5-97:19
21        android:allowBackup="true"
21-->src\main\AndroidManifest.xml:10:9-35
22        android:appComponentFactory="androidx.core.app.CoreComponentFactory"
22-->[androidx.core:core:1.7.0] AndroidManifest.xml:24:18-86
23        android:debuggable="true"
24        android:icon="@mipmap/ic_launcher"
24-->src\main\AndroidManifest.xml:11:9-43
25        android:label="@string/app_name"
25-->src\main\AndroidManifest.xml:12:9-41
26        android:roundIcon="@mipmap/ic_launcher_round"
26-->src\main\AndroidManifest.xml:13:9-54
27        android:supportsRtl="true"
27-->src\main\AndroidManifest.xml:14:9-35
28        android:theme="@style/AppTheme" >
28-->src\main\AndroidManifest.xml:15:9-40
29
30        <!-- [START fcm_default_icon] -->
31        <!--
32             Set custom default icon. This is used when no icon is set for incoming notification messages.
33             See README(https://goo.gl/l4GJaQ) for more.
34        -->
35        <meta-data
35-->src\main\AndroidManifest.xml:20:9-22:68
36            android:name="com.google.firebase.messaging.default_notification_icon"
36-->src\main\AndroidManifest.xml:21:13-83
37            android:resource="@drawable/ic_stat_ic_notification" />
37-->src\main\AndroidManifest.xml:22:13-65
38        <!--
39             Set color used with incoming notification messages. This is used when no color is set for the incoming
40             notification message. See README(https://goo.gl/6BKBk7) for more.
41        -->
42        <meta-data
42-->src\main\AndroidManifest.xml:25:9-27:53
43            android:name="com.google.firebase.messaging.default_notification_color"
43-->src\main\AndroidManifest.xml:26:13-84
44            android:resource="@color/colorAccent" />
44-->src\main\AndroidManifest.xml:27:13-50
45        <!-- [END fcm_default_icon] -->
46        <!-- [START fcm_default_channel] -->
47        <meta-data
47-->src\main\AndroidManifest.xml:30:9-32:71
48            android:name="com.google.firebase.messaging.default_notification_channel_id"
48-->src\main\AndroidManifest.xml:31:13-89
49            android:value="@string/default_notification_channel_id" />
49-->src\main\AndroidManifest.xml:32:13-68
50        <!-- [END fcm_default_channel] -->
51
52        <activity
52-->src\main\AndroidManifest.xml:35:9-44:20
53            android:name="com.projemanag.activities.SplashActivity"
53-->src\main\AndroidManifest.xml:36:13-54
54            android:screenOrientation="portrait"
54-->src\main\AndroidManifest.xml:37:13-49
55            android:theme="@style/AppTheme.NoActionBar" >
55-->src\main\AndroidManifest.xml:38:13-56
56            <intent-filter>
56-->src\main\AndroidManifest.xml:39:13-43:29
57                <action android:name="android.intent.action.MAIN" />
57-->src\main\AndroidManifest.xml:40:17-69
57-->src\main\AndroidManifest.xml:40:25-66
58
59                <category android:name="android.intent.category.LAUNCHER" />
59-->src\main\AndroidManifest.xml:42:17-77
59-->src\main\AndroidManifest.xml:42:27-74
60            </intent-filter>
61        </activity>
62        <activity
62-->src\main\AndroidManifest.xml:45:9-48:59
63            android:name="com.projemanag.activities.IntroActivity"
63-->src\main\AndroidManifest.xml:46:13-53
64            android:screenOrientation="portrait"
64-->src\main\AndroidManifest.xml:47:13-49
65            android:theme="@style/AppTheme.NoActionBar" />
65-->src\main\AndroidManifest.xml:48:13-56
66        <activity
66-->src\main\AndroidManifest.xml:50:9-53:59
67            android:name="com.projemanag.activities.SignUpActivity"
67-->src\main\AndroidManifest.xml:51:13-54
68            android:screenOrientation="portrait"
68-->src\main\AndroidManifest.xml:52:13-49
69            android:theme="@style/AppTheme.NoActionBar" />
69-->src\main\AndroidManifest.xml:53:13-56
70        <activity
70-->src\main\AndroidManifest.xml:55:9-57:59
71            android:name="com.projemanag.activities.SignInActivity"
71-->src\main\AndroidManifest.xml:55:19-60
72            android:screenOrientation="portrait"
72-->src\main\AndroidManifest.xml:56:13-49
73            android:theme="@style/AppTheme.NoActionBar" />
73-->src\main\AndroidManifest.xml:57:13-56
74        <activity
74-->src\main\AndroidManifest.xml:59:9-62:59
75            android:name="com.projemanag.activities.MainActivity"
75-->src\main\AndroidManifest.xml:60:13-52
76            android:screenOrientation="portrait"
76-->src\main\AndroidManifest.xml:61:13-49
77            android:theme="@style/AppTheme.NoActionBar" />
77-->src\main\AndroidManifest.xml:62:13-56
78        <activity
78-->src\main\AndroidManifest.xml:64:9-66:58
79            android:name="com.projemanag.activities.MyProfileActivity"
79-->src\main\AndroidManifest.xml:64:19-63
80            android:screenOrientation="portrait"
80-->src\main\AndroidManifest.xml:65:13-49
81            android:theme="@style/AppTheme.NoActionBar" />
81-->src\main\AndroidManifest.xml:66:13-56
82        <activity
82-->src\main\AndroidManifest.xml:68:9-72:59
83            android:name="com.projemanag.activities.CreateBoardActivity"
83-->src\main\AndroidManifest.xml:69:13-59
84            android:label="@string/create_board_title"
84-->src\main\AndroidManifest.xml:70:13-55
85            android:screenOrientation="portrait"
85-->src\main\AndroidManifest.xml:71:13-49
86            android:theme="@style/AppTheme.NoActionBar" />
86-->src\main\AndroidManifest.xml:72:13-56
87        <activity
87-->src\main\AndroidManifest.xml:74:9-77:59
88            android:name="com.projemanag.activities.TaskListActivity"
88-->src\main\AndroidManifest.xml:75:13-56
89            android:screenOrientation="portrait"
89-->src\main\AndroidManifest.xml:76:13-49
90            android:theme="@style/AppTheme.NoActionBar" />
90-->src\main\AndroidManifest.xml:77:13-56
91        <activity
91-->src\main\AndroidManifest.xml:79:9-83:59
92            android:name="com.projemanag.activities.MembersActivity"
92-->src\main\AndroidManifest.xml:80:13-55
93            android:label="@string/members"
93-->src\main\AndroidManifest.xml:81:13-44
94            android:screenOrientation="portrait"
94-->src\main\AndroidManifest.xml:82:13-49
95            android:theme="@style/AppTheme.NoActionBar" />
95-->src\main\AndroidManifest.xml:83:13-56
96        <activity
96-->src\main\AndroidManifest.xml:85:9-88:59
97            android:name="com.projemanag.activities.CardDetailsActivity"
97-->src\main\AndroidManifest.xml:86:13-59
98            android:screenOrientation="portrait"
98-->src\main\AndroidManifest.xml:87:13-49
99            android:theme="@style/AppTheme.NoActionBar" />
99-->src\main\AndroidManifest.xml:88:13-56
100
101        <service
101-->src\main\AndroidManifest.xml:90:9-96:19
102            android:name="com.projemanag.fcm.MyFirebaseMessagingService"
102-->src\main\AndroidManifest.xml:91:13-59
103            android:exported="false" >
103-->src\main\AndroidManifest.xml:92:13-37
104            <intent-filter>
104-->src\main\AndroidManifest.xml:93:13-95:29
105                <action android:name="com.google.firebase.MESSAGING_EVENT" />
105-->src\main\AndroidManifest.xml:94:17-78
105-->src\main\AndroidManifest.xml:94:25-75
106            </intent-filter>
107        </service>
108        <service
108-->[com.google.firebase:firebase-analytics-ktx:21.2.2] AndroidManifest.xml:8:9-14:19
109            android:name="com.google.firebase.components.ComponentDiscoveryService"
109-->[com.google.firebase:firebase-analytics-ktx:21.2.2] AndroidManifest.xml:9:13-84
110            android:directBootAware="true"
110-->[com.google.firebase:firebase-common:20.3.2] AndroidManifest.xml:34:13-43
111            android:exported="false" >
111-->[com.google.firebase:firebase-analytics-ktx:21.2.2] AndroidManifest.xml:10:13-37
112            <meta-data
112-->[com.google.firebase:firebase-analytics-ktx:21.2.2] AndroidManifest.xml:11:13-13:85
113                android:name="com.google.firebase.components:com.google.firebase.analytics.ktx.FirebaseAnalyticsKtxRegistrar"
113-->[com.google.firebase:firebase-analytics-ktx:21.2.2] AndroidManifest.xml:12:17-126
114                android:value="com.google.firebase.components.ComponentRegistrar" />
114-->[com.google.firebase:firebase-analytics-ktx:21.2.2] AndroidManifest.xml:13:17-82
115            <meta-data
115-->[com.google.firebase:firebase-auth:22.0.0] AndroidManifest.xml:69:13-71:85
116                android:name="com.google.firebase.components:com.google.firebase.auth.FirebaseAuthRegistrar"
116-->[com.google.firebase:firebase-auth:22.0.0] AndroidManifest.xml:70:17-109
117                android:value="com.google.firebase.components.ComponentRegistrar" />
117-->[com.google.firebase:firebase-auth:22.0.0] AndroidManifest.xml:71:17-82
118            <meta-data
118-->[com.google.firebase:firebase-common-ktx:20.3.2] AndroidManifest.xml:14:13-16:85
119                android:name="com.google.firebase.components:com.google.firebase.ktx.FirebaseCommonKtxRegistrar"
119-->[com.google.firebase:firebase-common-ktx:20.3.2] AndroidManifest.xml:15:17-113
120                android:value="com.google.firebase.components.ComponentRegistrar" />
120-->[com.google.firebase:firebase-common-ktx:20.3.2] AndroidManifest.xml:16:17-82
121            <meta-data
121-->[com.google.firebase:firebase-firestore:24.6.1] AndroidManifest.xml:19:13-21:85
122                android:name="com.google.firebase.components:com.google.firebase.firestore.FirestoreRegistrar"
122-->[com.google.firebase:firebase-firestore:24.6.1] AndroidManifest.xml:20:17-111
123                android:value="com.google.firebase.components.ComponentRegistrar" />
123-->[com.google.firebase:firebase-firestore:24.6.1] AndroidManifest.xml:21:17-82
124            <meta-data
124-->[com.google.firebase:firebase-storage:20.2.0] AndroidManifest.xml:32:13-34:85
125                android:name="com.google.firebase.components:com.google.firebase.storage.StorageRegistrar"
125-->[com.google.firebase:firebase-storage:20.2.0] AndroidManifest.xml:33:17-107
126                android:value="com.google.firebase.components.ComponentRegistrar" />
126-->[com.google.firebase:firebase-storage:20.2.0] AndroidManifest.xml:34:17-82
127            <meta-data
127-->[com.google.firebase:firebase-messaging:23.1.2] AndroidManifest.xml:55:13-57:85
128                android:name="com.google.firebase.components:com.google.firebase.messaging.FirebaseMessagingRegistrar"
128-->[com.google.firebase:firebase-messaging:23.1.2] AndroidManifest.xml:56:17-119
129                android:value="com.google.firebase.components.ComponentRegistrar" />
129-->[com.google.firebase:firebase-messaging:23.1.2] AndroidManifest.xml:57:17-82
130            <meta-data
130-->[com.google.firebase:firebase-datatransport:18.1.7] AndroidManifest.xml:27:13-29:85
131                android:name="com.google.firebase.components:com.google.firebase.datatransport.TransportRegistrar"
131-->[com.google.firebase:firebase-datatransport:18.1.7] AndroidManifest.xml:28:17-115
132                android:value="com.google.firebase.components.ComponentRegistrar" />
132-->[com.google.firebase:firebase-datatransport:18.1.7] AndroidManifest.xml:29:17-82
133            <meta-data
133-->[com.google.android.gms:play-services-measurement-api:21.2.2] AndroidManifest.xml:31:13-33:85
134                android:name="com.google.firebase.components:com.google.firebase.analytics.connector.internal.AnalyticsConnectorRegistrar"
134-->[com.google.android.gms:play-services-measurement-api:21.2.2] AndroidManifest.xml:32:17-139
135                android:value="com.google.firebase.components.ComponentRegistrar" />
135-->[com.google.android.gms:play-services-measurement-api:21.2.2] AndroidManifest.xml:33:17-82
136            <meta-data
136-->[com.google.firebase:firebase-installations:17.1.3] AndroidManifest.xml:17:13-19:85
137                android:name="com.google.firebase.components:com.google.firebase.installations.FirebaseInstallationsRegistrar"
137-->[com.google.firebase:firebase-installations:17.1.3] AndroidManifest.xml:18:17-127
138                android:value="com.google.firebase.components.ComponentRegistrar" />
138-->[com.google.firebase:firebase-installations:17.1.3] AndroidManifest.xml:19:17-82
139        </service>
140
141        <activity
141-->[com.google.firebase:firebase-auth:22.0.0] AndroidManifest.xml:29:9-46:20
142            android:name="com.google.firebase.auth.internal.GenericIdpActivity"
142-->[com.google.firebase:firebase-auth:22.0.0] AndroidManifest.xml:30:13-80
143            android:excludeFromRecents="true"
143-->[com.google.firebase:firebase-auth:22.0.0] AndroidManifest.xml:31:13-46
144            android:exported="true"
144-->[com.google.firebase:firebase-auth:22.0.0] AndroidManifest.xml:32:13-36
145            android:launchMode="singleTask"
145-->[com.google.firebase:firebase-auth:22.0.0] AndroidManifest.xml:33:13-44
146            android:theme="@android:style/Theme.Translucent.NoTitleBar" >
146-->[com.google.firebase:firebase-auth:22.0.0] AndroidManifest.xml:34:13-72
147            <intent-filter>
147-->[com.google.firebase:firebase-auth:22.0.0] AndroidManifest.xml:35:13-45:29
148                <action android:name="android.intent.action.VIEW" />
148-->[com.google.firebase:firebase-auth:22.0.0] AndroidManifest.xml:36:17-69
148-->[com.google.firebase:firebase-auth:22.0.0] AndroidManifest.xml:36:25-66
149
150                <category android:name="android.intent.category.DEFAULT" />
150-->[com.google.firebase:firebase-auth:22.0.0] AndroidManifest.xml:38:17-76
150-->[com.google.firebase:firebase-auth:22.0.0] AndroidManifest.xml:38:27-73
151                <category android:name="android.intent.category.BROWSABLE" />
151-->[com.google.firebase:firebase-auth:22.0.0] AndroidManifest.xml:39:17-78
151-->[com.google.firebase:firebase-auth:22.0.0] AndroidManifest.xml:39:27-75
152
153                <data
153-->[com.google.firebase:firebase-auth:22.0.0] AndroidManifest.xml:41:17-44:51
154                    android:host="firebase.auth"
154-->[com.google.firebase:firebase-auth:22.0.0] AndroidManifest.xml:42:21-49
155                    android:path="/"
155-->[com.google.firebase:firebase-auth:22.0.0] AndroidManifest.xml:43:21-37
156                    android:scheme="genericidp" />
156-->[com.google.firebase:firebase-auth:22.0.0] AndroidManifest.xml:44:21-48
157            </intent-filter>
158        </activity>
159        <activity
159-->[com.google.firebase:firebase-auth:22.0.0] AndroidManifest.xml:47:9-64:20
160            android:name="com.google.firebase.auth.internal.RecaptchaActivity"
160-->[com.google.firebase:firebase-auth:22.0.0] AndroidManifest.xml:48:13-79
161            android:excludeFromRecents="true"
161-->[com.google.firebase:firebase-auth:22.0.0] AndroidManifest.xml:49:13-46
162            android:exported="true"
162-->[com.google.firebase:firebase-auth:22.0.0] AndroidManifest.xml:50:13-36
163            android:launchMode="singleTask"
163-->[com.google.firebase:firebase-auth:22.0.0] AndroidManifest.xml:51:13-44
164            android:theme="@android:style/Theme.Translucent.NoTitleBar" >
164-->[com.google.firebase:firebase-auth:22.0.0] AndroidManifest.xml:52:13-72
165            <intent-filter>
165-->[com.google.firebase:firebase-auth:22.0.0] AndroidManifest.xml:53:13-63:29
166                <action android:name="android.intent.action.VIEW" />
166-->[com.google.firebase:firebase-auth:22.0.0] AndroidManifest.xml:36:17-69
166-->[com.google.firebase:firebase-auth:22.0.0] AndroidManifest.xml:36:25-66
167
168                <category android:name="android.intent.category.DEFAULT" />
168-->[com.google.firebase:firebase-auth:22.0.0] AndroidManifest.xml:38:17-76
168-->[com.google.firebase:firebase-auth:22.0.0] AndroidManifest.xml:38:27-73
169                <category android:name="android.intent.category.BROWSABLE" />
169-->[com.google.firebase:firebase-auth:22.0.0] AndroidManifest.xml:39:17-78
169-->[com.google.firebase:firebase-auth:22.0.0] AndroidManifest.xml:39:27-75
170
171                <data
171-->[com.google.firebase:firebase-auth:22.0.0] AndroidManifest.xml:41:17-44:51
172                    android:host="firebase.auth"
172-->[com.google.firebase:firebase-auth:22.0.0] AndroidManifest.xml:42:21-49
173                    android:path="/"
173-->[com.google.firebase:firebase-auth:22.0.0] AndroidManifest.xml:43:21-37
174                    android:scheme="recaptcha" />
174-->[com.google.firebase:firebase-auth:22.0.0] AndroidManifest.xml:44:21-48
175            </intent-filter>
176        </activity>
177
178        <receiver
178-->[com.google.firebase:firebase-messaging:23.1.2] AndroidManifest.xml:31:9-38:20
179            android:name="com.google.firebase.iid.FirebaseInstanceIdReceiver"
179-->[com.google.firebase:firebase-messaging:23.1.2] AndroidManifest.xml:32:13-78
180            android:exported="true"
180-->[com.google.firebase:firebase-messaging:23.1.2] AndroidManifest.xml:33:13-36
181            android:permission="com.google.android.c2dm.permission.SEND" >
181-->[com.google.firebase:firebase-messaging:23.1.2] AndroidManifest.xml:34:13-73
182            <intent-filter>
182-->[com.google.firebase:firebase-messaging:23.1.2] AndroidManifest.xml:35:13-37:29
183                <action android:name="com.google.android.c2dm.intent.RECEIVE" />
183-->[com.google.firebase:firebase-messaging:23.1.2] AndroidManifest.xml:36:17-81
183-->[com.google.firebase:firebase-messaging:23.1.2] AndroidManifest.xml:36:25-78
184            </intent-filter>
185        </receiver>
186        <!--
187             FirebaseMessagingService performs security checks at runtime,
188             but set to not exported to explicitly avoid allowing another app to call it.
189        -->
190        <service
190-->[com.google.firebase:firebase-messaging:23.1.2] AndroidManifest.xml:44:9-51:19
191            android:name="com.google.firebase.messaging.FirebaseMessagingService"
191-->[com.google.firebase:firebase-messaging:23.1.2] AndroidManifest.xml:45:13-82
192            android:directBootAware="true"
192-->[com.google.firebase:firebase-messaging:23.1.2] AndroidManifest.xml:46:13-43
193            android:exported="false" >
193-->[com.google.firebase:firebase-messaging:23.1.2] AndroidManifest.xml:47:13-37
194            <intent-filter android:priority="-500" >
194-->src\main\AndroidManifest.xml:93:13-95:29
195                <action android:name="com.google.firebase.MESSAGING_EVENT" />
195-->src\main\AndroidManifest.xml:94:17-78
195-->src\main\AndroidManifest.xml:94:25-75
196            </intent-filter>
197        </service>
198        <service
198-->[com.google.android.datatransport:transport-backend-cct:3.1.8] AndroidManifest.xml:28:9-34:19
199            android:name="com.google.android.datatransport.runtime.backends.TransportBackendDiscovery"
199-->[com.google.android.datatransport:transport-backend-cct:3.1.8] AndroidManifest.xml:29:13-103
200            android:exported="false" >
200-->[com.google.android.datatransport:transport-backend-cct:3.1.8] AndroidManifest.xml:30:13-37
201            <meta-data
201-->[com.google.android.datatransport:transport-backend-cct:3.1.8] AndroidManifest.xml:31:13-33:39
202                android:name="backend:com.google.android.datatransport.cct.CctBackendFactory"
202-->[com.google.android.datatransport:transport-backend-cct:3.1.8] AndroidManifest.xml:32:17-94
203                android:value="cct" />
203-->[com.google.android.datatransport:transport-backend-cct:3.1.8] AndroidManifest.xml:33:17-36
204        </service>
205        <service
205-->[com.google.android.datatransport:transport-runtime:3.1.8] AndroidManifest.xml:26:9-30:19
206            android:name="com.google.android.datatransport.runtime.scheduling.jobscheduling.JobInfoSchedulerService"
206-->[com.google.android.datatransport:transport-runtime:3.1.8] AndroidManifest.xml:27:13-117
207            android:exported="false"
207-->[com.google.android.datatransport:transport-runtime:3.1.8] AndroidManifest.xml:28:13-37
208            android:permission="android.permission.BIND_JOB_SERVICE" >
208-->[com.google.android.datatransport:transport-runtime:3.1.8] AndroidManifest.xml:29:13-69
209        </service>
210
211        <receiver
211-->[com.google.android.datatransport:transport-runtime:3.1.8] AndroidManifest.xml:32:9-34:40
212            android:name="com.google.android.datatransport.runtime.scheduling.jobscheduling.AlarmManagerSchedulerBroadcastReceiver"
212-->[com.google.android.datatransport:transport-runtime:3.1.8] AndroidManifest.xml:33:13-132
213            android:exported="false" />
213-->[com.google.android.datatransport:transport-runtime:3.1.8] AndroidManifest.xml:34:13-37
214
215        <provider
215-->[com.google.firebase:firebase-common:20.3.2] AndroidManifest.xml:25:9-30:39
216            android:name="com.google.firebase.provider.FirebaseInitProvider"
216-->[com.google.firebase:firebase-common:20.3.2] AndroidManifest.xml:26:13-77
217            android:authorities="com.projemanag.firebaseinitprovider"
217-->[com.google.firebase:firebase-common:20.3.2] AndroidManifest.xml:27:13-72
218            android:directBootAware="true"
218-->[com.google.firebase:firebase-common:20.3.2] AndroidManifest.xml:28:13-43
219            android:exported="false"
219-->[com.google.firebase:firebase-common:20.3.2] AndroidManifest.xml:29:13-37
220            android:initOrder="100" />
220-->[com.google.firebase:firebase-common:20.3.2] AndroidManifest.xml:30:13-36
221
222        <activity
222-->[com.google.android.gms:play-services-base:18.0.1] AndroidManifest.xml:20:9-22:45
223            android:name="com.google.android.gms.common.api.GoogleApiActivity"
223-->[com.google.android.gms:play-services-base:18.0.1] AndroidManifest.xml:20:19-85
224            android:exported="false"
224-->[com.google.android.gms:play-services-base:18.0.1] AndroidManifest.xml:22:19-43
225            android:theme="@android:style/Theme.Translucent.NoTitleBar" />
225-->[com.google.android.gms:play-services-base:18.0.1] AndroidManifest.xml:21:19-78
226
227        <receiver
227-->[com.google.android.gms:play-services-measurement:21.2.2] AndroidManifest.xml:29:9-33:20
228            android:name="com.google.android.gms.measurement.AppMeasurementReceiver"
228-->[com.google.android.gms:play-services-measurement:21.2.2] AndroidManifest.xml:30:13-85
229            android:enabled="true"
229-->[com.google.android.gms:play-services-measurement:21.2.2] AndroidManifest.xml:31:13-35
230            android:exported="false" >
230-->[com.google.android.gms:play-services-measurement:21.2.2] AndroidManifest.xml:32:13-37
231        </receiver>
232
233        <service
233-->[com.google.android.gms:play-services-measurement:21.2.2] AndroidManifest.xml:35:9-38:40
234            android:name="com.google.android.gms.measurement.AppMeasurementService"
234-->[com.google.android.gms:play-services-measurement:21.2.2] AndroidManifest.xml:36:13-84
235            android:enabled="true"
235-->[com.google.android.gms:play-services-measurement:21.2.2] AndroidManifest.xml:37:13-35
236            android:exported="false" />
236-->[com.google.android.gms:play-services-measurement:21.2.2] AndroidManifest.xml:38:13-37
237        <service
237-->[com.google.android.gms:play-services-measurement:21.2.2] AndroidManifest.xml:39:9-43:72
238            android:name="com.google.android.gms.measurement.AppMeasurementJobService"
238-->[com.google.android.gms:play-services-measurement:21.2.2] AndroidManifest.xml:40:13-87
239            android:enabled="true"
239-->[com.google.android.gms:play-services-measurement:21.2.2] AndroidManifest.xml:41:13-35
240            android:exported="false"
240-->[com.google.android.gms:play-services-measurement:21.2.2] AndroidManifest.xml:42:13-37
241            android:permission="android.permission.BIND_JOB_SERVICE" />
241-->[com.google.android.gms:play-services-measurement:21.2.2] AndroidManifest.xml:43:13-69
242
243        <meta-data
243-->[com.google.android.gms:play-services-basement:18.1.0] AndroidManifest.xml:21:9-23:69
244            android:name="com.google.android.gms.version"
244-->[com.google.android.gms:play-services-basement:18.1.0] AndroidManifest.xml:22:13-58
245            android:value="@integer/google_play_services_version" />
245-->[com.google.android.gms:play-services-basement:18.1.0] AndroidManifest.xml:23:13-66
246
247        <provider
247-->[androidx.emoji2:emoji2:1.0.0] AndroidManifest.xml:26:9-34:20
248            android:name="androidx.startup.InitializationProvider"
248-->[androidx.emoji2:emoji2:1.0.0] AndroidManifest.xml:27:13-67
249            android:authorities="com.projemanag.androidx-startup"
249-->[androidx.emoji2:emoji2:1.0.0] AndroidManifest.xml:28:13-68
250            android:exported="false" >
250-->[androidx.emoji2:emoji2:1.0.0] AndroidManifest.xml:29:13-37
251            <meta-data
251-->[androidx.emoji2:emoji2:1.0.0] AndroidManifest.xml:31:13-33:52
252                android:name="androidx.emoji2.text.EmojiCompatInitializer"
252-->[androidx.emoji2:emoji2:1.0.0] AndroidManifest.xml:32:17-75
253                android:value="androidx.startup" />
253-->[androidx.emoji2:emoji2:1.0.0] AndroidManifest.xml:33:17-49
254            <meta-data
254-->[androidx.lifecycle:lifecycle-process:2.4.0] AndroidManifest.xml:31:13-33:52
255                android:name="androidx.lifecycle.ProcessLifecycleInitializer"
255-->[androidx.lifecycle:lifecycle-process:2.4.0] AndroidManifest.xml:32:17-78
256                android:value="androidx.startup" />
256-->[androidx.lifecycle:lifecycle-process:2.4.0] AndroidManifest.xml:33:17-49
257        </provider>
258    </application>
259
260</manifest>